GROUP,PACKAGE,CLASS,INSTRUCTION_MISSED,INSTRUCTION_COVERED,BRANCH_MISSED,BRANCH_COVERED,LINE_MISSED,LINE_COVERED,COMPLEXITY_MISSED,COMPLEXITY_COVERED,METHOD_MISSED,METHOD_COVERED
Minesweeper,code.indiana.chandisingh.minesweeper,Empty,0,14,0,0,0,6,0,5,0,5
Minesweeper,code.indiana.chandisingh.minesweeper,Main,51,0,2,0,16,0,3,0,2,0
Minesweeper,code.indiana.chandisingh.minesweeper,Tile,0,16,0,0,0,6,0,4,0,4
Minesweeper,code.indiana.chandisingh.minesweeper,Game,1,63,2,2,0,18,2,8,0,8
Minesweeper,code.indiana.chandisingh.minesweeper,Bomb,0,17,0,0,0,7,0,5,0,5
Minesweeper,code.indiana.chandisingh.minesweeper,Board,5,285,1,13,1,67,2,22,1,16
