GROUP,PACKAGE,CLASS,INSTRUCTION_MISSED,INSTRUCTION_COVERED,BRANCH_MISSED,BRANCH_COVERED,LINE_MISSED,LINE_COVERED,COMPLEXITY_MISSED,COMPLEXITY_COVERED,METHOD_MISSED,METHOD_COVERED
Minesweeper,code.indiana.chandisingh.minesweeper,Empty,5,10,0,0,2,4,2,3,2,3
Minesweeper,code.indiana.chandisingh.minesweeper,Main,70,0,4,0,23,0,4,0,2,0
Minesweeper,code.indiana.chandisingh.minesweeper,Tile,7,3,0,0,3,1,2,1,2,1
Minesweeper,code.indiana.chandisingh.minesweeper,Bomb,4,13,0,0,2,5,2,3,2,3
Minesweeper,code.indiana.chandisingh.minesweeper,Board,108,137,6,8,23,33,8,13,4,10
