-------------------------------------------------------------------------------
Test set: code.indiana.chandisingh.minesweepertest.BoardTest
-------------------------------------------------------------------------------
Tests run: 15, Failures: 3, Errors: 0, Skipped: 0, Time elapsed: 0.044 sec <<< FAILURE!
code.indiana.chandisingh.minesweepertest.BoardTest.testAddBomb()  Time elapsed: 0.007 sec  <<< FAILURE!
java.lang.IndexOutOfBoundsException: Index 0 out of bounds for length 0
	at java.base/jdk.internal.util.Preconditions.outOfBounds(Preconditions.java:64)
	at java.base/jdk.internal.util.Preconditions.outOfBoundsCheckIndex(Preconditions.java:70)
	at java.base/jdk.internal.util.Preconditions.checkIndex(Preconditions.java:266)
	at java.base/java.util.Objects.checkIndex(Objects.java:359)
	at java.base/java.util.ArrayList.get(ArrayList.java:427)
	at code.indiana.chandisingh.minesweeper.Board.addBomb(Board.java:118)
	at code.indiana.chandisingh.minesweepertest.BoardTest.testAddBomb(BoardTest.java:113)

code.indiana.chandisingh.minesweepertest.BoardTest.testEditBoardList()  Time elapsed: 0.008 sec  <<< FAILURE!
java.lang.IndexOutOfBoundsException: Index 1 out of bounds for length 0
	at java.base/jdk.internal.util.Preconditions.outOfBounds(Preconditions.java:64)
	at java.base/jdk.internal.util.Preconditions.outOfBoundsCheckIndex(Preconditions.java:70)
	at java.base/jdk.internal.util.Preconditions.checkIndex(Preconditions.java:266)
	at java.base/java.util.Objects.checkIndex(Objects.java:359)
	at java.base/java.util.ArrayList.get(ArrayList.java:427)
	at code.indiana.chandisingh.minesweeper.Board.addBomb(Board.java:118)
	at code.indiana.chandisingh.minesweeper.Board.setBoardList(Board.java:89)
	at code.indiana.chandisingh.minesweepertest.BoardTest.testEditBoardList(BoardTest.java:32)

code.indiana.chandisingh.minesweepertest.BoardTest.testSetBoardList()  Time elapsed: 0 sec  <<< FAILURE!
java.lang.IndexOutOfBoundsException: Index 0 out of bounds for length 0
	at java.base/jdk.internal.util.Preconditions.outOfBounds(Preconditions.java:64)
	at java.base/jdk.internal.util.Preconditions.outOfBoundsCheckIndex(Preconditions.java:70)
	at java.base/jdk.internal.util.Preconditions.checkIndex(Preconditions.java:266)
	at java.base/java.util.Objects.checkIndex(Objects.java:359)
	at java.base/java.util.ArrayList.get(ArrayList.java:427)
	at code.indiana.chandisingh.minesweeper.Board.addBomb(Board.java:118)
	at code.indiana.chandisingh.minesweeper.Board.setBoardList(Board.java:89)
	at code.indiana.chandisingh.minesweepertest.BoardTest.testSetBoardList(BoardTest.java:24)

